2025-04-24 17:03:58,428 - INFO - We will use 90% of the memory on device 0 for storing the model, and 10% for the buffer to avoid OOM. You can set `max_memory` in to a higher value to use more memory (at your own risk).
2025-04-24 17:03:59,502 - INFO - PyTorch version 2.6.0 available.
2025-04-24 17:03:59,581 - INFO - Use pytorch device_name: cuda
2025-04-24 17:03:59,581 - INFO - Load pretrained SentenceTransformer: sentence-transformers/all-MiniLM-L6-v2
2025-04-24 17:04:00,649 - INFO - Loading faiss with AVX2 support.
2025-04-24 17:04:00,649 - INFO - Could not load library with AVX2 support due to:
ModuleNotFoundError("No module named 'faiss.swigfaiss_avx2'")
2025-04-24 17:04:00,649 - INFO - Loading faiss.
2025-04-24 17:04:00,656 - INFO - Successfully loaded faiss.
2025-04-24 17:05:54,357 - INFO - Source: retrieved_docs | Latency: 6.6565 sec | Prompt: Summarize the following:
------
The puddle iron (w...
2025-04-24 17:05:55,858 - INFO - Source: retrieved_docs | Latency: 1.4988 sec | Prompt: Summarize the following:
------
The puddle iron (w...
2025-04-24 17:06:02,173 - INFO - Source: retrieved_docs | Latency: 6.313 sec | Prompt: Summarize the following:
------
The puddle iron (w...
2025-04-24 17:06:03,688 - INFO - Source: retrieved_docs | Latency: 1.5129 sec | Prompt: Summarize the following:
------
The puddle iron (w...
2025-04-24 17:06:10,265 - INFO - Source: retrieved_docs | Latency: 6.5753 sec | Prompt: Summarize the following:
------
The puddle iron (w...
2025-04-24 17:06:11,040 - INFO - Source: retrieved_docs | Latency: 0.7719 sec | Prompt: Summarize the following:
------
The puddle iron (w...
2025-04-24 17:06:14,777 - INFO - Source: retrieved_docs | Latency: 3.7355 sec | Prompt: Summarize the following:
------
The puddle iron (w...
2025-04-24 17:06:21,112 - INFO - Source: retrieved_docs | Latency: 6.3327 sec | Prompt: Summarize the following:
------
The puddle iron (w...
2025-04-24 17:06:21,742 - INFO - Source: retrieved_docs | Latency: 0.6271 sec | Prompt: Summarize the following:
------
The puddle iron (w...
2025-04-24 17:06:28,106 - INFO - Source: retrieved_docs | Latency: 6.3619 sec | Prompt: Summarize the following:
------
The puddle iron (w...
2025-04-24 17:06:34,158 - INFO - Source: retrieved_docs | Latency: 6.0497 sec | Prompt: Summarize the following:
------
The puddle iron (w...
2025-04-24 17:06:38,738 - INFO - Source: retrieved_docs | Latency: 4.5777 sec | Prompt: Summarize the following:
------
The puddle iron (w...
2025-04-24 17:06:45,059 - INFO - Source: retrieved_docs | Latency: 6.3189 sec | Prompt: Summarize the following:
------
The puddle iron (w...
2025-04-24 17:06:51,485 - INFO - Source: retrieved_docs | Latency: 6.4238 sec | Prompt: Summarize the following:
------
The puddle iron (w...
2025-04-24 17:06:57,351 - INFO - Source: retrieved_docs | Latency: 5.8645 sec | Prompt: Summarize the following:
------
The puddle iron (w...
2025-04-24 17:07:03,548 - INFO - Source: retrieved_docs | Latency: 6.1946 sec | Prompt: Summarize the following:
------
The puddle iron (w...
2025-04-24 17:07:09,702 - INFO - Source: retrieved_docs | Latency: 6.1517 sec | Prompt: Summarize the following:
------
The puddle iron (w...
2025-04-24 17:07:15,867 - INFO - Source: retrieved_docs | Latency: 6.1622 sec | Prompt: Summarize the following:
------
The puddle iron (w...
2025-04-24 17:07:22,097 - INFO - Source: retrieved_docs | Latency: 6.228 sec | Prompt: Summarize the following:
------
The puddle iron (w...
2025-04-24 17:07:28,040 - INFO - Source: retrieved_docs | Latency: 5.9411 sec | Prompt: Summarize the following:
------
The puddle iron (w...
2025-04-24 17:07:34,380 - INFO - Source: retrieved_docs | Latency: 6.3379 sec | Prompt: Summarize the following:
------
The puddle iron (w...
2025-04-24 17:07:38,831 - INFO - Source: retrieved_docs | Latency: 4.4488 sec | Prompt: Summarize the following:
------
The puddle iron (w...
2025-04-24 17:07:45,012 - INFO - Source: retrieved_docs | Latency: 6.179 sec | Prompt: Summarize the following:
------
The puddle iron (w...
2025-04-24 17:07:51,183 - INFO - Source: retrieved_docs | Latency: 6.1682 sec | Prompt: Summarize the following:
------
The puddle iron (w...
2025-04-24 17:07:52,260 - INFO - Source: retrieved_docs | Latency: 1.0753 sec | Prompt: Summarize the following:
------
The puddle iron (w...
2025-04-24 17:07:57,786 - INFO - Source: retrieved_docs | Latency: 5.5235 sec | Prompt: Summarize the following:
------
The puddle iron (w...
2025-04-24 17:08:04,094 - INFO - Source: retrieved_docs | Latency: 6.305 sec | Prompt: Summarize the following:
------
The puddle iron (w...
2025-04-24 17:08:09,273 - INFO - Source: retrieved_docs | Latency: 5.177 sec | Prompt: Summarize the following:
------
The puddle iron (w...
2025-04-24 17:08:15,457 - INFO - Source: retrieved_docs | Latency: 6.1822 sec | Prompt: Summarize the following:
------
The puddle iron (w...
2025-04-24 17:08:21,824 - INFO - Source: retrieved_docs | Latency: 6.3637 sec | Prompt: Summarize the following:
------
The puddle iron (w...
2025-04-24 17:08:28,344 - INFO - Source: retrieved_docs | Latency: 6.5173 sec | Prompt: Summarize the following:
------
The puddle iron (w...
2025-04-24 17:08:33,807 - INFO - Source: retrieved_docs | Latency: 5.4613 sec | Prompt: Summarize the following:
------
The puddle iron (w...
2025-04-24 17:08:40,200 - INFO - Source: retrieved_docs | Latency: 6.3902 sec | Prompt: Summarize the following:
------
The puddle iron (w...
2025-04-24 17:08:46,244 - INFO - Source: retrieved_docs | Latency: 6.0427 sec | Prompt: Summarize the following:
------
The puddle iron (w...
2025-04-24 17:08:47,471 - INFO - Source: retrieved_docs | Latency: 1.2247 sec | Prompt: Summarize the following:
------
The puddle iron (w...
2025-04-24 17:08:53,577 - INFO - Source: retrieved_docs | Latency: 6.1038 sec | Prompt: Summarize the following:
------
The puddle iron (w...
2025-04-24 17:08:59,778 - INFO - Source: retrieved_docs | Latency: 6.1988 sec | Prompt: Summarize the following:
------
The puddle iron (w...
2025-04-24 17:09:05,322 - INFO - Source: retrieved_docs | Latency: 5.5413 sec | Prompt: Summarize the following:
------
The puddle iron (w...
